Timestamp	Filename	Error	Message
2015-07-20 16:30:04.340 -0400	fileSystem.fmp12	0	Import of themes from file “DM-SVG_HelperTool.fmp12” started
2015-07-20 16:30:04.383 -0400	fileSystem.fmp12	0	themes imported : 1
2015-07-20 16:30:04.383 -0400	fileSystem.fmp12	0	Import completed
2015-07-20 17:04:00.276 -0400	fileSystem.fmp12	0	Import of script steps from clipboard started
2015-07-20 17:04:00.278 -0400	writeContentToFile( append )	0	script steps imported : 1
2015-07-20 17:04:00.278 -0400	fileSystem.fmp12	0	Import completed
2015-07-20 17:04:07.981 -0400	fileSystem.fmp12	0	Import of script steps from clipboard started
2015-07-20 17:04:07.983 -0400	writeContentToFile( append )	0	script steps imported : 1
2015-07-20 17:04:07.983 -0400	fileSystem.fmp12	0	Import completed
2015-08-10 15:15:06.142 -0400	fileSystem.fmp12	0	Import operations started
2015-08-10 15:15:29.233 -0400	fileSystem.fmp12	0	Import of custom functions from file “webViews.fmp12” started
2015-08-10 15:15:29.312 -0400	fileSystem.fmp12	0	custom functions imported : 35
2015-08-10 15:15:29.313 -0400	fileSystem.fmp12	0	Import completed
2015-08-10 15:16:39.092 -0400	fileSystem.fmp12	0	Import operations committed
2015-08-10 15:16:39.094 -0400	fileSystem.fmp12	0	==================================================================
2015-08-11 05:45:30.645 -0400	fileSystem.fmp12	0	Import operations started
2015-08-11 05:45:30.645 -0400	fileSystem.fmp12	0	Import of fields from clipboard started
2015-08-11 05:45:30.684 -0400	systemState::zSCHEMA_prototypeID	106	Table referred to in the calculation “prototype::prototypeID” is missing.
2015-08-11 05:45:30.686 -0400	systemState	0	fields imported : 30
2015-08-11 05:45:30.686 -0400	fileSystem.fmp12	0	Import completed
2015-08-11 05:45:47.452 -0400	fileSystem.fmp12	0	Import operations committed
2015-08-11 05:45:47.452 -0400	fileSystem.fmp12	0	==================================================================
2015-08-11 05:47:32.419 -0400	fileSystem.fmp12	0	Import operations started
2015-08-11 05:47:32.420 -0400	fileSystem.fmp12	0	Import of fields from clipboard started
2015-08-11 05:47:32.428 -0400	ui::yEVAL	106	Table referred to in the calculation “Left( zUpdate ; 0 ) & If( Length( EVALfn ) ; EVALfn ; webViewUI::yEVAL )” is missing.
2015-08-11 05:47:32.437 -0400	ui::zSCHEMA_prototypeID	106	Table referred to in the calculation “prototype::prototypeID” is missing.
2015-08-11 05:47:32.439 -0400	ui	0	fields imported : 19
2015-08-11 05:47:32.439 -0400	fileSystem.fmp12	0	Import completed
2015-08-11 05:50:31.760 -0400	fileSystem.fmp12	0	Import operations committed
2015-08-11 05:50:31.761 -0400	fileSystem.fmp12	0	==================================================================
2015-08-11 05:50:59.505 -0400	fileSystem.fmp12	0	Import operations started
2015-08-11 05:50:59.506 -0400	fileSystem.fmp12	0	Import of fields from clipboard started
2015-08-11 05:50:59.519 -0400	fileSystemUI	0	fields imported : 17
2015-08-11 05:50:59.520 -0400	fileSystem.fmp12	0	Import completed
2015-08-11 05:53:48.586 -0400	fileSystem.fmp12	0	Import of fields from clipboard started
2015-08-11 05:53:48.588 -0400	file	0	fields imported : 1
2015-08-11 05:53:48.588 -0400	fileSystem.fmp12	0	Import completed
2015-08-11 05:54:47.233 -0400	fileSystem.fmp12	0	Import of fields from clipboard started
2015-08-11 05:54:47.237 -0400	file	0	fields imported : 4
2015-08-11 05:54:47.238 -0400	fileSystem.fmp12	0	Import completed
2015-08-11 05:55:31.210 -0400	fileSystem.fmp12	0	Import operations committed
2015-08-11 05:55:31.210 -0400	fileSystem.fmp12	0	==================================================================
2015-08-11 10:15:53.492 -0400	fileSystem.fmp12	0	Import of themes from file “betternessBookkeeping.fmp12” started
2015-08-11 10:15:53.534 -0400	fileSystem.fmp12	0	themes imported : 1
2015-08-11 10:15:53.535 -0400	fileSystem.fmp12	0	Import completed
2015-08-11 10:16:09.796 -0400	fileSystem.fmp12	0	Import of themes from file “beezwaxDemo.fmp12” started
2015-08-11 10:16:09.939 -0400	fileSystem.fmp12	0	themes imported : 3
2015-08-11 10:16:09.940 -0400	fileSystem.fmp12	0	Import completed
2015-08-11 14:32:44.680 -0400	fileSystem.fmp12	0	Import of script steps from clipboard started
2015-08-11 14:32:44.681 -0400	listContent( directoryPath, bashArguments )	0	script steps imported : 1
2015-08-11 14:32:44.681 -0400	fileSystem.fmp12	0	Import completed
2015-08-11 14:32:57.191 -0400	fileSystem.fmp12	0	Import of script steps from clipboard started
2015-08-11 14:32:57.192 -0400	listContent( directoryPath, bashArguments )	0	script steps imported : 1
2015-08-11 14:32:57.192 -0400	fileSystem.fmp12	0	Import completed
2015-08-11 14:35:13.275 -0400	fileSystem.fmp12	0	Import of script steps from clipboard started
2015-08-11 14:35:13.276 -0400	ls ( directoryPath, args )	0	script steps imported : 1
2015-08-11 14:35:13.277 -0400	fileSystem.fmp12	0	Import completed
2015-08-11 14:36:12.539 -0400	fileSystem.fmp12	0	Import of script steps from clipboard started
2015-08-11 14:36:12.541 -0400	ls ( directoryPath, args, targetField )	0	script steps imported : 1
2015-08-11 14:36:12.541 -0400	fileSystem.fmp12	0	Import completed
2015-08-11 14:50:49.309 -0400	fileSystem.fmp12	0	Import of scripts from clipboard started
2015-08-11 14:50:49.311 -0400	fileSystem.fmp12	0	Script “writeToFile ( content, targetFilePath, append )” imported as “writeToFile ( content, targetFilePath, append ) 2” since a script named “writeToFile ( content, targetFilePath, append )” already exists.
2015-08-11 14:50:49.313 -0400	writeToFile ( content, targetFilePath, append ) 2	0	script steps imported : 8
2015-08-11 14:50:49.313 -0400	fileSystem.fmp12	0	scripts imported : 1
2015-08-11 14:50:49.314 -0400	fileSystem.fmp12	0	Import completed
2015-08-11 15:03:55.448 -0400	fileSystem.fmp12	0	Import of script steps from clipboard started
2015-08-11 15:03:55.450 -0400	mkdir ( path, name )	0	script steps imported : 10
2015-08-11 15:03:55.450 -0400	fileSystem.fmp12	0	Import completed
2015-08-11 15:04:36.445 -0400	fileSystem.fmp12	0	Import of script steps from clipboard started
2015-08-11 15:04:36.446 -0400	mkdir ( path, name )	0	script steps imported : 1
2015-08-11 15:04:36.447 -0400	fileSystem.fmp12	0	Import completed
2015-08-11 15:08:42.938 -0400	fileSystem.fmp12	0	Import of script steps from clipboard started
2015-08-11 15:08:42.940 -0400	mkdir ( path, name )	0	script steps imported : 1
2015-08-11 15:08:42.940 -0400	fileSystem.fmp12	0	Import completed
2015-08-11 15:16:16.866 -0400	fileSystem.fmp12	0	Import of script steps from clipboard started
2015-08-11 15:16:16.867 -0400	writeToFile ( content, targetFilePath, append )	0	script steps imported : 1
2015-08-11 15:16:16.867 -0400	fileSystem.fmp12	0	Import completed
2015-08-11 15:23:28.738 -0400	fileSystem.fmp12	0	Import of script steps from clipboard started
2015-08-11 15:23:28.739 -0400	xattr ( filePath, args, attr_name, targetField )	0	script steps imported : 1
2015-08-11 15:23:28.739 -0400	fileSystem.fmp12	0	Import completed
2015-08-11 15:25:01.442 -0400	fileSystem.fmp12	0	Import of script steps from clipboard started
2015-08-11 15:25:01.443 -0400	open ( filePath )	0	script steps imported : 1
2015-08-11 15:25:01.443 -0400	fileSystem.fmp12	0	Import completed
2015-08-11 15:25:25.401 -0400	fileSystem.fmp12	0	Import of script steps from clipboard started
2015-08-11 15:25:25.402 -0400	open ( filePath )	0	script steps imported : 3
2015-08-11 15:25:25.402 -0400	fileSystem.fmp12	0	Import completed
2015-08-11 15:27:43.432 -0400	fileSystem.fmp12	0	Import of script steps from clipboard started
2015-08-11 15:27:43.433 -0400	open ( filePath, app, args )	0	script steps imported : 1
2015-08-11 15:27:43.433 -0400	fileSystem.fmp12	0	Import completed
2015-08-11 15:28:22.164 -0400	fileSystem.fmp12	0	Import of script steps from clipboard started
2015-08-11 15:28:22.166 -0400	open ( filePath, app, args )	0	script steps imported : 1
2015-08-11 15:28:22.166 -0400	fileSystem.fmp12	0	Import completed
2015-08-11 16:22:14.273 -0400	fileSystem.fmp12	0	Import operations started
2015-08-11 16:22:14.273 -0400	fileSystem.fmp12	0	Import of fields from clipboard started
2015-08-11 16:22:14.281 -0400	projectStructure	0	fields imported : 8
2015-08-11 16:22:14.281 -0400	fileSystem.fmp12	0	Import completed
2015-08-11 16:27:43.586 -0400	fileSystem.fmp12	0	Import operations committed
2015-08-11 16:27:43.587 -0400	fileSystem.fmp12	0	==================================================================
